<?xml version="1.0" encoding="UTF-8"?>
<testng-results skipped="0" failed="0" ignored="0" total="1" passed="1">
  <reporter-output>
  </reporter-output>
  <suite name="Suite" duration-ms="35023" started-at="2021-02-05T14:20:46 IST" finished-at="2021-02-05T14:21:21 IST">
    <groups>
    </groups>
    <test name="Test" duration-ms="35023" started-at="2021-02-05T14:20:46 IST" finished-at="2021-02-05T14:21:21 IST">
      <class name="hybridframeworktestcases.LoginTestCRM">
        <test-method status="PASS" signature="setupSuite()[pri:0, instance:hybridframeworktestcases.LoginTestCRM@6b57696f]" name="setupSuite" is-config="true" duration-ms="1479" started-at="2021-02-05T14:20:44 IST" finished-at="2021-02-05T14:20:46 IST">
          <reporter-output>
          </reporter-output>
        </test-method> <!-- setupSuite -->
        <test-method status="PASS" signature="loginApp()[pri:0, instance:hybridframeworktestcases.LoginTestCRM@6b57696f]" name="loginApp" is-config="true" duration-ms="30178" started-at="2021-02-05T14:20:46 IST" finished-at="2021-02-05T14:21:16 IST">
          <reporter-output>
          </reporter-output>
        </test-method> <!-- loginApp -->
        <test-method status="PASS" signature="LoginApp()[pri:0, instance:hybridframeworktestcases.LoginTestCRM@6b57696f]" name="LoginApp" duration-ms="2694" started-at="2021-02-05T14:21:16 IST" finished-at="2021-02-05T14:21:19 IST">
          <reporter-output>
          </reporter-output>
        </test-method> <!-- LoginApp -->
        <test-method status="PASS" signature="tearDownMethod(org.testng.ITestResult)[pri:0, instance:hybridframeworktestcases.LoginTestCRM@6b57696f]" name="tearDownMethod" is-config="true" duration-ms="1170" started-at="2021-02-05T14:21:19 IST" finished-at="2021-02-05T14:21:20 IST">
          <params>
            <param index="0">
              <value>
                <![CDATA[[TestResult name=LoginApp status=SUCCESS method=LoginTestCRM.LoginApp()[pri:0, instance:hybridframeworktestcases.LoginTestCRM@6b57696f] output={null}]]]>
              </value>
            </param>
          </params>
          <reporter-output>
          </reporter-output>
        </test-method> <!-- tearDownMethod -->
        <test-method status="PASS" signature="TearDown()[pri:0, instance:hybridframeworktestcases.LoginTestCRM@6b57696f]" name="TearDown" is-config="true" duration-ms="916" started-at="2021-02-05T14:21:20 IST" finished-at="2021-02-05T14:21:21 IST">
          <reporter-output>
          </reporter-output>
        </test-method> <!-- TearDown -->
      </class> <!-- hybridframeworktestcases.LoginTestCRM -->
    </test> <!-- Test -->
  </suite> <!-- Suite -->
</testng-results>
